2025-01-30 16:43:25 WAT - CRITICAL - TypeError - dump() missing 1 required positional argument: 'fp' - [line 72] - [file: credentials.py]
2025-01-30 16:44:31 WAT - CRITICAL - JSONDecodeError - Expecting value: line 1 column 1 (char 0) - [line 57] - [file: credentials.py]
2025-01-30 16:46:48 WAT - CRITICAL - TypeError - Object of type TextIOWrapper is not JSON serializable - [line 72] - [file: credentials.py]
2025-01-30 16:48:24 WAT - CRITICAL - TypeError - Object of type TextIOWrapper is not JSON serializable - [line 73] - [file: credentials.py]
2025-02-01 12:58:08 WAT - CRITICAL - TypeError - Object of type TextIOWrapper is not JSON serializable - [line 73] - [file: credentials.py]
2025-02-01 13:00:12 WAT - CRITICAL - JSONDecodeError - Expecting value: line 1 column 1 (char 0) - [line 57] - [file: credentials.py]
2025-02-01 13:01:47 WAT - CRITICAL - TypeError - 'NoneType' object is not subscriptable - [line 49] - [file: credentials.py]
2025-02-01 13:14:34 WAT - CRITICAL - TypeError - 'NoneType' object is not subscriptable - [line 47] - [file: credentials.py]
2025-02-01 13:21:06 WAT - CRITICAL - KeyboardInterrupt -  - [line 73] - [file: credentials.py]
2025-02-01 13:21:47 WAT - CRITICAL - KeyboardInterrupt -  - [line 73] - [file: credentials.py]
2025-02-01 13:24:13 WAT - CRITICAL - KeyError - 'gift' - [line 47] - [file: credentials.py]
2025-02-01 13:26:15 WAT - CRITICAL - KeyError - 'gift' - [line 47] - [file: credentials.py]
2025-02-01 13:27:33 WAT - CRITICAL - KeyError - 'gift' - [line 47] - [file: credentials.py]
2025-02-01 13:54:36 WAT - CRITICAL - AttributeError - 'Credential' object has no attribute 'usernames' - [line 99] - [file: credentials.py]
2025-02-01 14:10:40 WAT - CRITICAL - KeyError - 'u' - [line 64] - [file: credentials.py]
2025-02-01 14:14:05 WAT - CRITICAL - KeyError - 'u' - [line 64] - [file: credentials.py]
2025-02-01 14:15:48 WAT - CRITICAL - KeyError - 'u' - [line 64] - [file: credentials.py]
2025-02-01 14:16:29 WAT - CRITICAL - KeyError - 'u' - [line 64] - [file: credentials.py]
2025-02-01 14:30:39 WAT - CRITICAL - KeyError - 'u' - [line 62] - [file: credentials.py]
2025-02-01 14:52:18 WAT - ERROR - ZeroDivisionError - division by zero - [line 47] - [file: verify.py]
2025-02-01 14:54:29 WAT - ERROR - KeyError - 'u' - [line 48] - [file: verify.py]
2025-02-01 15:00:04 WAT - ERROR - KeyError - 'u' - [line 50] - [file: verify.py]
2025-02-01 16:07:31 WAT - ERROR - AttributeError - 'NoneType' object has no attribute 'keys' - [line 43] - [file: verify.py]
2025-02-01 16:15:14 WAT - ERROR - AttributeError - 'NoneType' object has no attribute 'keys' - [line 43] - [file: verify.py]
2025-02-01 16:17:53 WAT - ERROR - ValueError - Invalid salt - [line 46] - [file: verify.py]
